2020-07-22 20:20:35,826 WARN  [SoapUI] Missing folder [C:\Users\MintuPhilipose\Desktop\Project\my-app\ext] for external libraries
2020-07-22 20:20:36,160 INFO  [DefaultSoapUICore] initialized soapui-settings from [C:\Users\MintuPhilipose\soapui-settings.xml]
2020-07-22 20:20:38,878 INFO  [PluginManager] Adding plugin from [C:\Users\MintuPhilipose\.soapuios\plugins\ready-mqtt-plugin-dist.jar]
2020-07-22 20:20:38,878 INFO  [PluginManager] Adding plugin from [C:\Users\MintuPhilipose\.soapuios\plugins\soapui-swagger-plugin-2.2-dist.jar]
2020-07-22 20:20:40,500 ERROR [SoapUI] An error occurred [com.eviware.soapui.plugins.auto.factories.AutoDiscoveryMethodFactory], see error log for details
2020-07-22 20:20:40,508 ERROR [errorlog] java.lang.ClassNotFoundException: com.eviware.soapui.plugins.auto.factories.AutoDiscoveryMethodFactory
java.lang.ClassNotFoundException: com.eviware.soapui.plugins.auto.factories.AutoDiscoveryMethodFactory
	at org.codehaus.plexus.classworlds.strategy.SelfFirstStrategy.loadClass(SelfFirstStrategy.java:50)
	at org.codehaus.plexus.classworlds.realm.ClassRealm.unsynchronizedLoadClass(ClassRealm.java:271)
	at org.codehaus.plexus.classworlds.realm.ClassRealm.loadClass(ClassRealm.java:247)
	at org.codehaus.plexus.classworlds.realm.ClassRealm.loadClass(ClassRealm.java:239)
	at java.lang.Class.forName0(Native Method)
	at java.lang.Class.forName(Class.java:264)
	at com.eviware.soapui.plugins.LoaderBase.loadAutoFactories(LoaderBase.java:113)
	at com.eviware.soapui.plugins.LoaderBase.loadFactories(LoaderBase.java:80)
	at com.eviware.soapui.plugins.PluginLoader.loadPluginFactories(PluginLoader.java:141)
	at com.eviware.soapui.plugins.PluginLoader.loadPlugin(PluginLoader.java:104)
	at com.eviware.soapui.plugins.PluginLoader.loadPlugin(PluginLoader.java:54)
	at com.eviware.soapui.plugins.PluginManager.doInstallPlugin(PluginManager.java:141)
	at com.eviware.soapui.plugins.PluginManager.access$600(PluginManager.java:43)
	at com.eviware.soapui.plugins.PluginManager$LoadPluginsTask.computeSequentially(PluginManager.java:420)
	at com.eviware.soapui.plugins.PluginManager$LoadPluginsTask.compute(PluginManager.java:377)
	at com.eviware.soapui.plugins.PluginManager$LoadPluginsTask.compute(PluginManager.java:382)
	at com.eviware.soapui.plugins.PluginManager$LoadPluginsTask.compute(PluginManager.java:365)
	at java.util.concurrent.RecursiveTask.exec(RecursiveTask.java:94)
	at java.util.concurrent.ForkJoinTask.doExec(ForkJoinTask.java:289)
	at java.util.concurrent.ForkJoinPool$WorkQueue.runTask(ForkJoinPool.java:1056)
	at java.util.concurrent.ForkJoinPool.runWorker(ForkJoinPool.java:1692)
	at java.util.concurrent.ForkJoinWorkerThread.run(ForkJoinWorkerThread.java:157)
2020-07-22 20:20:40,682 ERROR [SoapUI] An error occurred [com.eviware.soapui.plugins.auto.factories.AutoImportMethodFactory], see error log for details
2020-07-22 20:20:40,684 ERROR [errorlog] java.lang.ClassNotFoundException: com.eviware.soapui.plugins.auto.factories.AutoImportMethodFactory
java.lang.ClassNotFoundException: com.eviware.soapui.plugins.auto.factories.AutoImportMethodFactory
	at org.codehaus.plexus.classworlds.strategy.SelfFirstStrategy.loadClass(SelfFirstStrategy.java:50)
	at org.codehaus.plexus.classworlds.realm.ClassRealm.unsynchronizedLoadClass(ClassRealm.java:271)
	at org.codehaus.plexus.classworlds.realm.ClassRealm.loadClass(ClassRealm.java:247)
	at org.codehaus.plexus.classworlds.realm.ClassRealm.loadClass(ClassRealm.java:239)
	at java.lang.Class.forName0(Native Method)
	at java.lang.Class.forName(Class.java:264)
	at com.eviware.soapui.plugins.LoaderBase.loadAutoFactories(LoaderBase.java:113)
	at com.eviware.soapui.plugins.LoaderBase.loadFactories(LoaderBase.java:80)
	at com.eviware.soapui.plugins.PluginLoader.loadPluginFactories(PluginLoader.java:141)
	at com.eviware.soapui.plugins.PluginLoader.loadPlugin(PluginLoader.java:104)
	at com.eviware.soapui.plugins.PluginLoader.loadPlugin(PluginLoader.java:54)
	at com.eviware.soapui.plugins.PluginManager.doInstallPlugin(PluginManager.java:141)
	at com.eviware.soapui.plugins.PluginManager.access$600(PluginManager.java:43)
	at com.eviware.soapui.plugins.PluginManager$LoadPluginsTask.computeSequentially(PluginManager.java:420)
	at com.eviware.soapui.plugins.PluginManager$LoadPluginsTask.compute(PluginManager.java:377)
	at com.eviware.soapui.plugins.PluginManager$LoadPluginsTask.compute(PluginManager.java:382)
	at com.eviware.soapui.plugins.PluginManager$LoadPluginsTask.compute(PluginManager.java:365)
	at java.util.concurrent.RecursiveTask.exec(RecursiveTask.java:94)
	at java.util.concurrent.ForkJoinTask.doExec(ForkJoinTask.java:289)
	at java.util.concurrent.ForkJoinPool$WorkQueue.runTask(ForkJoinPool.java:1056)
	at java.util.concurrent.ForkJoinPool.runWorker(ForkJoinPool.java:1692)
	at java.util.concurrent.ForkJoinWorkerThread.run(ForkJoinWorkerThread.java:157)
2020-07-22 20:20:40,728 ERROR [SoapUI] An error occurred [com.eviware.soapui.plugins.auto.factories.AutoDiscoveryMethodFactory], see error log for details
2020-07-22 20:20:40,729 ERROR [errorlog] java.lang.ClassNotFoundException: com.eviware.soapui.plugins.auto.factories.AutoDiscoveryMethodFactory
java.lang.ClassNotFoundException: com.eviware.soapui.plugins.auto.factories.AutoDiscoveryMethodFactory
	at org.codehaus.plexus.classworlds.strategy.SelfFirstStrategy.loadClass(SelfFirstStrategy.java:50)
	at org.codehaus.plexus.classworlds.realm.ClassRealm.unsynchronizedLoadClass(ClassRealm.java:271)
	at org.codehaus.plexus.classworlds.realm.ClassRealm.loadClass(ClassRealm.java:247)
	at org.codehaus.plexus.classworlds.realm.ClassRealm.loadClass(ClassRealm.java:239)
	at java.lang.Class.forName0(Native Method)
	at java.lang.Class.forName(Class.java:264)
	at com.eviware.soapui.plugins.LoaderBase.loadAutoFactories(LoaderBase.java:113)
	at com.eviware.soapui.plugins.LoaderBase.loadFactories(LoaderBase.java:80)
	at com.eviware.soapui.plugins.PluginLoader.loadPluginFactories(PluginLoader.java:141)
	at com.eviware.soapui.plugins.PluginLoader.loadPlugin(PluginLoader.java:104)
	at com.eviware.soapui.plugins.PluginLoader.loadPlugin(PluginLoader.java:54)
	at com.eviware.soapui.plugins.PluginManager.doInstallPlugin(PluginManager.java:141)
	at com.eviware.soapui.plugins.PluginManager.access$600(PluginManager.java:43)
	at com.eviware.soapui.plugins.PluginManager$LoadPluginsTask.computeSequentially(PluginManager.java:420)
	at com.eviware.soapui.plugins.PluginManager$LoadPluginsTask.compute(PluginManager.java:377)
	at com.eviware.soapui.plugins.PluginManager$LoadPluginsTask.compute(PluginManager.java:365)
	at java.util.concurrent.RecursiveTask.exec(RecursiveTask.java:94)
	at java.util.concurrent.ForkJoinTask.doExec(ForkJoinTask.java:289)
	at java.util.concurrent.ForkJoinPool$WorkQueue.runTask(ForkJoinPool.java:1056)
	at java.util.concurrent.ForkJoinPool.runWorker(ForkJoinPool.java:1692)
	at java.util.concurrent.ForkJoinWorkerThread.run(ForkJoinWorkerThread.java:157)
2020-07-22 20:20:40,808 INFO  [PluginManager] Adding plugin from [C:\Users\MintuPhilipose\.soapuios\plugins\ready-uxm-plugin-1.0.1-dist.jar]
2020-07-22 20:20:40,931 ERROR [SoapUI] An error occurred [com.eviware.soapui.plugins.auto.factories.AutoImportMethodFactory], see error log for details
2020-07-22 20:20:40,931 ERROR [errorlog] java.lang.ClassNotFoundException: com.eviware.soapui.plugins.auto.factories.AutoImportMethodFactory
java.lang.ClassNotFoundException: com.eviware.soapui.plugins.auto.factories.AutoImportMethodFactory
	at org.codehaus.plexus.classworlds.strategy.SelfFirstStrategy.loadClass(SelfFirstStrategy.java:50)
	at org.codehaus.plexus.classworlds.realm.ClassRealm.unsynchronizedLoadClass(ClassRealm.java:271)
	at org.codehaus.plexus.classworlds.realm.ClassRealm.loadClass(ClassRealm.java:247)
	at org.codehaus.plexus.classworlds.realm.ClassRealm.loadClass(ClassRealm.java:239)
	at java.lang.Class.forName0(Native Method)
	at java.lang.Class.forName(Class.java:264)
	at com.eviware.soapui.plugins.LoaderBase.loadAutoFactories(LoaderBase.java:113)
	at com.eviware.soapui.plugins.LoaderBase.loadFactories(LoaderBase.java:80)
	at com.eviware.soapui.plugins.PluginLoader.loadPluginFactories(PluginLoader.java:141)
	at com.eviware.soapui.plugins.PluginLoader.loadPlugin(PluginLoader.java:104)
	at com.eviware.soapui.plugins.PluginLoader.loadPlugin(PluginLoader.java:54)
	at com.eviware.soapui.plugins.PluginManager.doInstallPlugin(PluginManager.java:141)
	at com.eviware.soapui.plugins.PluginManager.access$600(PluginManager.java:43)
	at com.eviware.soapui.plugins.PluginManager$LoadPluginsTask.computeSequentially(PluginManager.java:420)
	at com.eviware.soapui.plugins.PluginManager$LoadPluginsTask.compute(PluginManager.java:377)
	at com.eviware.soapui.plugins.PluginManager$LoadPluginsTask.compute(PluginManager.java:365)
	at java.util.concurrent.RecursiveTask.exec(RecursiveTask.java:94)
	at java.util.concurrent.ForkJoinTask.doExec(ForkJoinTask.java:289)
	at java.util.concurrent.ForkJoinPool$WorkQueue.runTask(ForkJoinPool.java:1056)
	at java.util.concurrent.ForkJoinPool.runWorker(ForkJoinPool.java:1692)
	at java.util.concurrent.ForkJoinWorkerThread.run(ForkJoinWorkerThread.java:157)
2020-07-22 20:20:41,082 INFO  [PluginManager] Adding plugin from [C:\Users\MintuPhilipose\.soapuios\plugins\readyapi-postman-1.0.1.jar]
2020-07-22 20:20:42,203 ERROR [SoapUI] An error occurred [com.eviware.soapui.plugins.auto.factories.AutoDiscoveryMethodFactory], see error log for details
2020-07-22 20:20:42,204 ERROR [errorlog] java.lang.ClassNotFoundException: com.eviware.soapui.plugins.auto.factories.AutoDiscoveryMethodFactory
java.lang.ClassNotFoundException: com.eviware.soapui.plugins.auto.factories.AutoDiscoveryMethodFactory
	at org.codehaus.plexus.classworlds.strategy.SelfFirstStrategy.loadClass(SelfFirstStrategy.java:50)
	at org.codehaus.plexus.classworlds.realm.ClassRealm.unsynchronizedLoadClass(ClassRealm.java:271)
	at org.codehaus.plexus.classworlds.realm.ClassRealm.loadClass(ClassRealm.java:247)
	at org.codehaus.plexus.classworlds.realm.ClassRealm.loadClass(ClassRealm.java:239)
	at java.lang.Class.forName0(Native Method)
	at java.lang.Class.forName(Class.java:264)
	at com.eviware.soapui.plugins.LoaderBase.loadAutoFactories(LoaderBase.java:113)
	at com.eviware.soapui.plugins.LoaderBase.loadFactories(LoaderBase.java:80)
	at com.eviware.soapui.plugins.PluginLoader.loadPluginFactories(PluginLoader.java:141)
	at com.eviware.soapui.plugins.PluginLoader.loadPlugin(PluginLoader.java:104)
	at com.eviware.soapui.plugins.PluginLoader.loadPlugin(PluginLoader.java:54)
	at com.eviware.soapui.plugins.PluginManager.doInstallPlugin(PluginManager.java:141)
	at com.eviware.soapui.plugins.PluginManager.access$600(PluginManager.java:43)
	at com.eviware.soapui.plugins.PluginManager$LoadPluginsTask.computeSequentially(PluginManager.java:420)
	at com.eviware.soapui.plugins.PluginManager$LoadPluginsTask.compute(PluginManager.java:377)
	at com.eviware.soapui.plugins.PluginManager$LoadPluginsTask.compute(PluginManager.java:365)
	at java.util.concurrent.RecursiveTask.exec(RecursiveTask.java:94)
	at java.util.concurrent.ForkJoinTask.doExec(ForkJoinTask.java:289)
	at java.util.concurrent.ForkJoinPool$WorkQueue.runTask(ForkJoinPool.java:1056)
	at java.util.concurrent.ForkJoinPool.runWorker(ForkJoinPool.java:1692)
	at java.util.concurrent.ForkJoinWorkerThread.run(ForkJoinWorkerThread.java:157)
2020-07-22 20:20:42,240 ERROR [SoapUI] An error occurred [com.eviware.soapui.plugins.auto.factories.AutoDiscoveryMethodFactory], see error log for details
2020-07-22 20:20:42,243 ERROR [errorlog] java.lang.ClassNotFoundException: com.eviware.soapui.plugins.auto.factories.AutoDiscoveryMethodFactory
java.lang.ClassNotFoundException: com.eviware.soapui.plugins.auto.factories.AutoDiscoveryMethodFactory
	at org.codehaus.plexus.classworlds.strategy.SelfFirstStrategy.loadClass(SelfFirstStrategy.java:50)
	at org.codehaus.plexus.classworlds.realm.ClassRealm.unsynchronizedLoadClass(ClassRealm.java:271)
	at org.codehaus.plexus.classworlds.realm.ClassRealm.loadClass(ClassRealm.java:247)
	at org.codehaus.plexus.classworlds.realm.ClassRealm.loadClass(ClassRealm.java:239)
	at java.lang.Class.forName0(Native Method)
	at java.lang.Class.forName(Class.java:264)
	at com.eviware.soapui.plugins.LoaderBase.loadAutoFactories(LoaderBase.java:113)
	at com.eviware.soapui.plugins.LoaderBase.loadFactories(LoaderBase.java:80)
	at com.eviware.soapui.plugins.PluginLoader.loadPluginFactories(PluginLoader.java:141)
	at com.eviware.soapui.plugins.PluginLoader.loadPlugin(PluginLoader.java:104)
	at com.eviware.soapui.plugins.PluginLoader.loadPlugin(PluginLoader.java:54)
	at com.eviware.soapui.plugins.PluginManager.doInstallPlugin(PluginManager.java:141)
	at com.eviware.soapui.plugins.PluginManager.access$600(PluginManager.java:43)
	at com.eviware.soapui.plugins.PluginManager$LoadPluginsTask.computeSequentially(PluginManager.java:420)
	at com.eviware.soapui.plugins.PluginManager$LoadPluginsTask.compute(PluginManager.java:377)
	at com.eviware.soapui.plugins.PluginManager$LoadPluginsTask.compute(PluginManager.java:382)
	at com.eviware.soapui.plugins.PluginManager$LoadPluginsTask.compute(PluginManager.java:365)
	at java.util.concurrent.RecursiveTask.exec(RecursiveTask.java:94)
	at java.util.concurrent.ForkJoinTask.doExec(ForkJoinTask.java:289)
	at java.util.concurrent.ForkJoinPool$WorkQueue.runTask(ForkJoinPool.java:1056)
	at java.util.concurrent.ForkJoinPool.runWorker(ForkJoinPool.java:1692)
	at java.util.concurrent.ForkJoinWorkerThread.run(ForkJoinWorkerThread.java:157)
2020-07-22 20:20:42,320 ERROR [SoapUI] An error occurred [com.eviware.soapui.plugins.auto.factories.AutoImportMethodFactory], see error log for details
2020-07-22 20:20:42,323 ERROR [errorlog] java.lang.ClassNotFoundException: com.eviware.soapui.plugins.auto.factories.AutoImportMethodFactory
java.lang.ClassNotFoundException: com.eviware.soapui.plugins.auto.factories.AutoImportMethodFactory
	at org.codehaus.plexus.classworlds.strategy.SelfFirstStrategy.loadClass(SelfFirstStrategy.java:50)
	at org.codehaus.plexus.classworlds.realm.ClassRealm.unsynchronizedLoadClass(ClassRealm.java:271)
	at org.codehaus.plexus.classworlds.realm.ClassRealm.loadClass(ClassRealm.java:247)
	at org.codehaus.plexus.classworlds.realm.ClassRealm.loadClass(ClassRealm.java:239)
	at java.lang.Class.forName0(Native Method)
	at java.lang.Class.forName(Class.java:264)
	at com.eviware.soapui.plugins.LoaderBase.loadAutoFactories(LoaderBase.java:113)
	at com.eviware.soapui.plugins.LoaderBase.loadFactories(LoaderBase.java:80)
	at com.eviware.soapui.plugins.PluginLoader.loadPluginFactories(PluginLoader.java:141)
	at com.eviware.soapui.plugins.PluginLoader.loadPlugin(PluginLoader.java:104)
	at com.eviware.soapui.plugins.PluginLoader.loadPlugin(PluginLoader.java:54)
	at com.eviware.soapui.plugins.PluginManager.doInstallPlugin(PluginManager.java:141)
	at com.eviware.soapui.plugins.PluginManager.access$600(PluginManager.java:43)
	at com.eviware.soapui.plugins.PluginManager$LoadPluginsTask.computeSequentially(PluginManager.java:420)
	at com.eviware.soapui.plugins.PluginManager$LoadPluginsTask.compute(PluginManager.java:377)
	at com.eviware.soapui.plugins.PluginManager$LoadPluginsTask.compute(PluginManager.java:365)
	at java.util.concurrent.RecursiveTask.exec(RecursiveTask.java:94)
	at java.util.concurrent.ForkJoinTask.doExec(ForkJoinTask.java:289)
	at java.util.concurrent.ForkJoinPool$WorkQueue.runTask(ForkJoinPool.java:1056)
	at java.util.concurrent.ForkJoinPool.runWorker(ForkJoinPool.java:1692)
	at java.util.concurrent.ForkJoinWorkerThread.run(ForkJoinWorkerThread.java:157)
2020-07-22 20:20:42,433 ERROR [SoapUI] An error occurred [com.eviware.soapui.plugins.auto.factories.AutoImportMethodFactory], see error log for details
2020-07-22 20:20:42,433 ERROR [errorlog] java.lang.ClassNotFoundException: com.eviware.soapui.plugins.auto.factories.AutoImportMethodFactory
java.lang.ClassNotFoundException: com.eviware.soapui.plugins.auto.factories.AutoImportMethodFactory
	at org.codehaus.plexus.classworlds.strategy.SelfFirstStrategy.loadClass(SelfFirstStrategy.java:50)
	at org.codehaus.plexus.classworlds.realm.ClassRealm.unsynchronizedLoadClass(ClassRealm.java:271)
	at org.codehaus.plexus.classworlds.realm.ClassRealm.loadClass(ClassRealm.java:247)
	at org.codehaus.plexus.classworlds.realm.ClassRealm.loadClass(ClassRealm.java:239)
	at java.lang.Class.forName0(Native Method)
	at java.lang.Class.forName(Class.java:264)
	at com.eviware.soapui.plugins.LoaderBase.loadAutoFactories(LoaderBase.java:113)
	at com.eviware.soapui.plugins.LoaderBase.loadFactories(LoaderBase.java:80)
	at com.eviware.soapui.plugins.PluginLoader.loadPluginFactories(PluginLoader.java:141)
	at com.eviware.soapui.plugins.PluginLoader.loadPlugin(PluginLoader.java:104)
	at com.eviware.soapui.plugins.PluginLoader.loadPlugin(PluginLoader.java:54)
	at com.eviware.soapui.plugins.PluginManager.doInstallPlugin(PluginManager.java:141)
	at com.eviware.soapui.plugins.PluginManager.access$600(PluginManager.java:43)
	at com.eviware.soapui.plugins.PluginManager$LoadPluginsTask.computeSequentially(PluginManager.java:420)
	at com.eviware.soapui.plugins.PluginManager$LoadPluginsTask.compute(PluginManager.java:377)
	at com.eviware.soapui.plugins.PluginManager$LoadPluginsTask.compute(PluginManager.java:382)
	at com.eviware.soapui.plugins.PluginManager$LoadPluginsTask.compute(PluginManager.java:365)
	at java.util.concurrent.RecursiveTask.exec(RecursiveTask.java:94)
	at java.util.concurrent.ForkJoinTask.doExec(ForkJoinTask.java:289)
	at java.util.concurrent.ForkJoinPool$WorkQueue.runTask(ForkJoinPool.java:1056)
	at java.util.concurrent.ForkJoinPool.runWorker(ForkJoinPool.java:1692)
	at java.util.concurrent.ForkJoinWorkerThread.run(ForkJoinWorkerThread.java:157)
2020-07-22 20:20:42,692 INFO  [PluginManager] Adding plugin from [C:\Users\MintuPhilipose\.soapuios\plugins\readyapi-swaggerhub-plugin-1.0.jar]
2020-07-22 20:20:43,390 ERROR [SoapUI] An error occurred [com.eviware.soapui.plugins.auto.factories.AutoDiscoveryMethodFactory], see error log for details
2020-07-22 20:20:43,391 ERROR [errorlog] java.lang.ClassNotFoundException: com.eviware.soapui.plugins.auto.factories.AutoDiscoveryMethodFactory
java.lang.ClassNotFoundException: com.eviware.soapui.plugins.auto.factories.AutoDiscoveryMethodFactory
	at org.codehaus.plexus.classworlds.strategy.SelfFirstStrategy.loadClass(SelfFirstStrategy.java:50)
	at org.codehaus.plexus.classworlds.realm.ClassRealm.unsynchronizedLoadClass(ClassRealm.java:271)
	at org.codehaus.plexus.classworlds.realm.ClassRealm.loadClass(ClassRealm.java:247)
	at org.codehaus.plexus.classworlds.realm.ClassRealm.loadClass(ClassRealm.java:239)
	at java.lang.Class.forName0(Native Method)
	at java.lang.Class.forName(Class.java:264)
	at com.eviware.soapui.plugins.LoaderBase.loadAutoFactories(LoaderBase.java:113)
	at com.eviware.soapui.plugins.LoaderBase.loadFactories(LoaderBase.java:80)
	at com.eviware.soapui.plugins.PluginLoader.loadPluginFactories(PluginLoader.java:141)
	at com.eviware.soapui.plugins.PluginLoader.loadPlugin(PluginLoader.java:104)
	at com.eviware.soapui.plugins.PluginLoader.loadPlugin(PluginLoader.java:54)
	at com.eviware.soapui.plugins.PluginManager.doInstallPlugin(PluginManager.java:141)
	at com.eviware.soapui.plugins.PluginManager.access$600(PluginManager.java:43)
	at com.eviware.soapui.plugins.PluginManager$LoadPluginsTask.computeSequentially(PluginManager.java:420)
	at com.eviware.soapui.plugins.PluginManager$LoadPluginsTask.compute(PluginManager.java:377)
	at com.eviware.soapui.plugins.PluginManager$LoadPluginsTask.compute(PluginManager.java:382)
	at com.eviware.soapui.plugins.PluginManager$LoadPluginsTask.compute(PluginManager.java:365)
	at java.util.concurrent.RecursiveTask.exec(RecursiveTask.java:94)
	at java.util.concurrent.ForkJoinTask.doExec(ForkJoinTask.java:289)
	at java.util.concurrent.ForkJoinPool$WorkQueue.runTask(ForkJoinPool.java:1056)
	at java.util.concurrent.ForkJoinPool.runWorker(ForkJoinPool.java:1692)
	at java.util.concurrent.ForkJoinWorkerThread.run(ForkJoinWorkerThread.java:157)
2020-07-22 20:20:43,488 ERROR [SoapUI] An error occurred [com.eviware.soapui.plugins.auto.factories.AutoImportMethodFactory], see error log for details
2020-07-22 20:20:43,489 ERROR [errorlog] java.lang.ClassNotFoundException: com.eviware.soapui.plugins.auto.factories.AutoImportMethodFactory
java.lang.ClassNotFoundException: com.eviware.soapui.plugins.auto.factories.AutoImportMethodFactory
	at org.codehaus.plexus.classworlds.strategy.SelfFirstStrategy.loadClass(SelfFirstStrategy.java:50)
	at org.codehaus.plexus.classworlds.realm.ClassRealm.unsynchronizedLoadClass(ClassRealm.java:271)
	at org.codehaus.plexus.classworlds.realm.ClassRealm.loadClass(ClassRealm.java:247)
	at org.codehaus.plexus.classworlds.realm.ClassRealm.loadClass(ClassRealm.java:239)
	at java.lang.Class.forName0(Native Method)
	at java.lang.Class.forName(Class.java:264)
	at com.eviware.soapui.plugins.LoaderBase.loadAutoFactories(LoaderBase.java:113)
	at com.eviware.soapui.plugins.LoaderBase.loadFactories(LoaderBase.java:80)
	at com.eviware.soapui.plugins.PluginLoader.loadPluginFactories(PluginLoader.java:141)
	at com.eviware.soapui.plugins.PluginLoader.loadPlugin(PluginLoader.java:104)
	at com.eviware.soapui.plugins.PluginLoader.loadPlugin(PluginLoader.java:54)
	at com.eviware.soapui.plugins.PluginManager.doInstallPlugin(PluginManager.java:141)
	at com.eviware.soapui.plugins.PluginManager.access$600(PluginManager.java:43)
	at com.eviware.soapui.plugins.PluginManager$LoadPluginsTask.computeSequentially(PluginManager.java:420)
	at com.eviware.soapui.plugins.PluginManager$LoadPluginsTask.compute(PluginManager.java:377)
	at com.eviware.soapui.plugins.PluginManager$LoadPluginsTask.compute(PluginManager.java:382)
	at com.eviware.soapui.plugins.PluginManager$LoadPluginsTask.compute(PluginManager.java:365)
	at java.util.concurrent.RecursiveTask.exec(RecursiveTask.java:94)
	at java.util.concurrent.ForkJoinTask.doExec(ForkJoinTask.java:289)
	at java.util.concurrent.ForkJoinPool$WorkQueue.runTask(ForkJoinPool.java:1056)
	at java.util.concurrent.ForkJoinPool.runWorker(ForkJoinPool.java:1692)
	at java.util.concurrent.ForkJoinWorkerThread.run(ForkJoinWorkerThread.java:157)
2020-07-22 20:20:43,595 INFO  [PluginManager] 5 plugins loaded in 4720 ms
2020-07-22 20:20:43,596 INFO  [DefaultSoapUICore] All plugins loaded
2020-07-22 20:20:45,261 INFO  [WsdlProject] Loaded project from [file:/C:/Users/MintuPhilipose/Desktop/Project/my-app/API-CaseStudy-soapui-project.xml]
2020-07-22 20:20:45,271 INFO  [SoapUITestCaseRunner] Running SoapUI tests in project [API_XML_CaseStudy]
2020-07-22 20:20:45,273 INFO  [SoapUITestCaseRunner] Running Project [API_XML_CaseStudy], runType = SEQUENTIAL
2020-07-22 20:20:45,310 INFO  [SoapUITestCaseRunner] Running SoapUI testcase [Using Groovy Script Complete Functional Test]
2020-07-22 20:20:45,322 INFO  [SoapUITestCaseRunner] running step [Properties]
2020-07-22 20:20:45,381 INFO  [SoapUITestCaseRunner] running step [CustomerSave]
2020-07-22 20:20:47,755 INFO  [SchemaUtils] Added default schema from file:/C:/Users/MintuPhilipose/.m2/repository/com/smartbear/soapui/soapui/5.5.0/soapui-5.5.0.jar!/com/eviware/soapui/resources/xsds/xop.xsd with targetNamespace http://www.w3.org/2004/08/xop/include
2020-07-22 20:20:47,795 INFO  [SchemaUtils] Added default schema from file:/C:/Users/MintuPhilipose/.m2/repository/com/smartbear/soapui/soapui/5.5.0/soapui-5.5.0.jar!/com/eviware/soapui/resources/xsds/XMLSchema.xsd with targetNamespace http://www.w3.org/2001/XMLSchema
2020-07-22 20:20:47,800 INFO  [SchemaUtils] Added default schema from file:/C:/Users/MintuPhilipose/.m2/repository/com/smartbear/soapui/soapui/5.5.0/soapui-5.5.0.jar!/com/eviware/soapui/resources/xsds/xml.xsd with targetNamespace http://www.w3.org/XML/1998/namespace
2020-07-22 20:20:47,807 INFO  [SchemaUtils] Added default schema from file:/C:/Users/MintuPhilipose/.m2/repository/com/smartbear/soapui/soapui/5.5.0/soapui-5.5.0.jar!/com/eviware/soapui/resources/xsds/swaref.xsd with targetNamespace http://ws-i.org/profiles/basic/1.1/xsd
2020-07-22 20:20:47,813 INFO  [SchemaUtils] Added default schema from file:/C:/Users/MintuPhilipose/.m2/repository/com/smartbear/soapui/soapui/5.5.0/soapui-5.5.0.jar!/com/eviware/soapui/resources/xsds/xmime200505.xsd with targetNamespace http://www.w3.org/2005/05/xmlmime
2020-07-22 20:20:47,822 INFO  [SchemaUtils] Added default schema from file:/C:/Users/MintuPhilipose/.m2/repository/com/smartbear/soapui/soapui/5.5.0/soapui-5.5.0.jar!/com/eviware/soapui/resources/xsds/xmime200411.xsd with targetNamespace http://www.w3.org/2004/11/xmlmime
2020-07-22 20:20:47,828 INFO  [SchemaUtils] Added default schema from file:/C:/Users/MintuPhilipose/.m2/repository/com/smartbear/soapui/soapui/5.5.0/soapui-5.5.0.jar!/com/eviware/soapui/resources/xsds/soapEnvelope.xsd with targetNamespace http://schemas.xmlsoap.org/soap/envelope/
2020-07-22 20:20:47,834 INFO  [SchemaUtils] Added default schema from file:/C:/Users/MintuPhilipose/.m2/repository/com/smartbear/soapui/soapui/5.5.0/soapui-5.5.0.jar!/com/eviware/soapui/resources/xsds/soapEncoding.xsd with targetNamespace http://schemas.xmlsoap.org/soap/encoding/
2020-07-22 20:20:47,840 INFO  [SchemaUtils] Added default schema from file:/C:/Users/MintuPhilipose/.m2/repository/com/smartbear/soapui/soapui/5.5.0/soapui-5.5.0.jar!/com/eviware/soapui/resources/xsds/soapEnvelope12.xsd with targetNamespace http://www.w3.org/2003/05/soap-envelope
2020-07-22 20:20:47,843 INFO  [SchemaUtils] Added default schema from file:/C:/Users/MintuPhilipose/.m2/repository/com/smartbear/soapui/soapui/5.5.0/soapui-5.5.0.jar!/com/eviware/soapui/resources/xsds/soapEncoding12.xsd with targetNamespace http://www.w3.org/2003/05/soap-encoding
2020-07-22 20:20:47,845 INFO  [SchemaUtils] Loading schema types from [file:/C:/Users/MintuPhilipose/Desktop/Training/APICasestudy/SOAP%20API%20WSDL%20EndPoints/SOAP%20API%20WSDL%20EndPoints/customerCustomerRepositoryV1.xml]
2020-07-22 20:20:47,847 INFO  [SchemaUtils] Getting schema file:/C:/Users/MintuPhilipose/Desktop/Training/APICasestudy/SOAP%20API%20WSDL%20EndPoints/SOAP%20API%20WSDL%20EndPoints/customerCustomerRepositoryV1.xml
2020-07-22 20:20:49,009 INFO  [SoapUITestCaseRunner] Assertion [SOAP Response] has status VALID
2020-07-22 20:20:49,016 INFO  [SoapUITestCaseRunner] Assertion [Schema Compliance] has status VALID
2020-07-22 20:20:49,022 INFO  [SoapUITestCaseRunner] Assertion [XPath Match] has status VALID
2020-07-22 20:20:49,039 INFO  [SoapUITestCaseRunner] Finished running SoapUI testcase [Using Groovy Script Complete Functional Test], time taken: 3675ms, status: FINISHED
2020-07-22 20:20:49,044 INFO  [SoapUITestCaseRunner] Running SoapUI testcase [DataDriven Script]
2020-07-22 20:20:49,046 INFO  [SoapUITestCaseRunner] running step [Properties]
2020-07-22 20:20:49,048 INFO  [SoapUITestCaseRunner] running step [Groovy Script]
2020-07-22 20:20:49,615 INFO  [log] f0rf13pxtxp7mftwc23rq6e52yvmi5um
2020-07-22 20:20:49,736 INFO  [SoapUITestCaseRunner] running step [CustomerSave]
2020-07-22 20:20:50,613 INFO  [SoapUITestCaseRunner] Assertion [SOAP Response] has status VALID
2020-07-22 20:20:50,616 INFO  [SoapUITestCaseRunner] Assertion [Script Assertion] has status VALID
2020-07-22 20:20:50,617 INFO  [SoapUITestCaseRunner] running step [CustomerDeleteById]
2020-07-22 20:20:51,350 INFO  [SoapUITestCaseRunner] Assertion [SOAP Response] has status VALID
2020-07-22 20:20:51,353 INFO  [SoapUITestCaseRunner] Finished running SoapUI testcase [DataDriven Script], time taken: 2285ms, status: FINISHED
2020-07-22 20:20:51,361 INFO  [SoapUITestCaseRunner] Running SoapUI testcase [TC01 Customer E2E Test -TestCase Specific]
2020-07-22 20:20:51,363 INFO  [SoapUITestCaseRunner] running step [Groovy Script- Generate Unique Data Value]
2020-07-22 20:20:51,438 INFO  [log] UniqueID is 101
2020-07-22 20:20:51,443 INFO  [SoapUITestCaseRunner] running step [Properties]
2020-07-22 20:20:51,444 INFO  [SoapUITestCaseRunner] running step [CustomerSave]
2020-07-22 20:20:52,643 INFO  [SoapUITestCaseRunner] Assertion [SOAP Response] has status VALID
2020-07-22 20:20:52,644 INFO  [SoapUITestCaseRunner] Assertion [Schema Compliance] has status VALID
2020-07-22 20:20:52,646 INFO  [SoapUITestCaseRunner] Assertion [XPath Match] has status VALID
2020-07-22 20:20:52,647 INFO  [SoapUITestCaseRunner] running step [CustomerGetList]
2020-07-22 20:20:57,917 INFO  [SoapUITestCaseRunner] Assertion [SOAP Response] has status VALID
2020-07-22 20:20:57,919 INFO  [SoapUITestCaseRunner] Assertion [Schema Compliance] has status VALID
2020-07-22 20:20:57,920 INFO  [SoapUITestCaseRunner] Assertion [Valid HTTP Status Codes] has status VALID
2020-07-22 20:20:57,921 INFO  [SoapUITestCaseRunner] running step [Property Transfer]
2020-07-22 20:20:58,097 INFO  [SoapUITestCaseRunner] running step [GetCustomerByID]
2020-07-22 20:20:58,809 INFO  [SoapUITestCaseRunner] Assertion [SOAP Response] has status VALID
2020-07-22 20:20:58,813 INFO  [SoapUITestCaseRunner] Assertion [Schema Compliance] has status VALID
2020-07-22 20:20:58,822 INFO  [SoapUITestCaseRunner] Assertion [Contains] has status VALID
2020-07-22 20:20:58,824 INFO  [SoapUITestCaseRunner] Assertion [XPath Match] has status VALID
2020-07-22 20:20:58,825 INFO  [SoapUITestCaseRunner] running step [Property Transfer- New CustID]
2020-07-22 20:20:58,832 INFO  [SoapUITestCaseRunner] running step [CustomerDeleteBy ID]
2020-07-22 20:20:59,888 INFO  [SoapUITestCaseRunner] Assertion [SOAP Response] has status VALID
2020-07-22 20:20:59,889 INFO  [SoapUITestCaseRunner] Assertion [Schema Compliance] has status VALID
2020-07-22 20:20:59,890 INFO  [SoapUITestCaseRunner] Assertion [Contains] has status VALID
2020-07-22 20:20:59,892 INFO  [SoapUITestCaseRunner] Finished running SoapUI testcase [TC01 Customer E2E Test -TestCase Specific], time taken: 8486ms, status: FINISHED
2020-07-22 20:20:59,893 INFO  [SoapUITestCaseRunner] Running SoapUI testcase [Database Testing : Create Customer Save in DB and then Refer value from DB to Delete]
2020-07-22 20:20:59,896 INFO  [SoapUITestCaseRunner] running step [Groovy Script- Generate Unique Data Value]
2020-07-22 20:20:59,932 INFO  [log] UniqueID is 96
2020-07-22 20:20:59,933 INFO  [SoapUITestCaseRunner] running step [Properties]
2020-07-22 20:20:59,936 INFO  [SoapUITestCaseRunner] running step [CustomerSave]
2020-07-22 20:21:00,808 INFO  [SoapUITestCaseRunner] Assertion [SOAP Response] has status VALID
2020-07-22 20:21:00,808 INFO  [SoapUITestCaseRunner] Assertion [Schema Compliance] has status VALID
2020-07-22 20:21:00,810 INFO  [SoapUITestCaseRunner] Assertion [XPath Match] has status VALID
2020-07-22 20:21:00,810 INFO  [SoapUITestCaseRunner] running step [Property Transfer]
2020-07-22 20:21:00,814 INFO  [SoapUITestCaseRunner] running step [JDBC Request to Store Values]
2020-07-22 20:21:01,148 INFO  [SoapUITestCaseRunner] Assertion [JDBC Status] has status VALID
2020-07-22 20:21:01,148 INFO  [SoapUITestCaseRunner] running step [JDBC Request to Get ID]
2020-07-22 20:21:01,176 INFO  [SoapUITestCaseRunner] Assertion [JDBC Status] has status VALID
2020-07-22 20:21:01,177 INFO  [SoapUITestCaseRunner] running step [CustomerDeleteBy ID]
2020-07-22 20:21:02,144 INFO  [SoapUITestCaseRunner] Assertion [SOAP Response] has status VALID
2020-07-22 20:21:02,144 INFO  [SoapUITestCaseRunner] Assertion [Schema Compliance] has status VALID
2020-07-22 20:21:02,145 INFO  [SoapUITestCaseRunner] Assertion [Contains] has status UNKNOWN
2020-07-22 20:21:02,146 INFO  [SoapUITestCaseRunner] running step [Conditional Goto If DB Value exists for Deleted CustomerID]
2020-07-22 20:21:02,158 INFO  [SoapUITestCaseRunner] running step [JDBC Request to Delete Non Existing ID]
2020-07-22 20:21:02,182 INFO  [SoapUITestCaseRunner] Assertion [JDBC Status] has status VALID
2020-07-22 20:21:02,183 INFO  [SoapUITestCaseRunner] running step [JDBC Request to Get ID Again]
2020-07-22 20:21:02,205 INFO  [SoapUITestCaseRunner] Assertion [JDBC Status] has status VALID
2020-07-22 20:21:02,206 INFO  [SoapUITestCaseRunner] running step [Final Message]
2020-07-22 20:21:02,222 INFO  [log] End of TestCase
2020-07-22 20:21:02,224 INFO  [SoapUITestCaseRunner] Finished running SoapUI testcase [Database Testing : Create Customer Save in DB and then Refer value from DB to Delete], time taken: 2295ms, status: FINISHED
2020-07-22 20:21:02,226 INFO  [SoapUITestCaseRunner] Project [API_XML_CaseStudy] finished with status [FINISHED] in 16946ms
2020-07-22 20:21:06,783 WARN  [Tools] Could not delete temporary directory C:\Users\MINTUP~1\AppData\Local\Temp\10b65296-48de-48d7-802d-ac57d9880e47
2020-07-22 20:21:06,792 WARN  [Tools] Could not delete temporary directory C:\Users\MINTUP~1\AppData\Local\Temp\9383b8be-6fb2-4dab-83b6-f471313237c1
